<?xml version="1.0" encoding="UTF-8"?>
<!-- Generated by org.testng.reporters.JUnitReportReporter -->
<testsuite hostname="DESKTOP-79GDVCK" failures="0" tests="2" name="p19_09_2022.UvodTestNg" time="1.733" errors="0" timestamp="2022-09-19T19:29:07 CEST" skipped="0">
  <testcase classname="p19_09_2022.UvodTestNg" name="search" time="0.631"/>
  <system-out/>
  <testcase classname="p19_09_2022.UvodTestNg" name="openHomePage" time="1.102"/>
  <system-out/>
</testsuite> <!-- p19_09_2022.UvodTestNg -->
