<?xml version="1.0" encoding="UTF-8"?>
<!-- Generated by org.testng.reporters.JUnitReportReporter -->
<testsuite hostname="DESKTOP-79GDVCK" failures="0" tests="1" name="tests.AdminCitiesTests" time="1.832" errors="0" timestamp="2022-10-10T17:22:19 CEST" skipped="0">
  <testcase classname="tests.AdminCitiesTests" name="AddingProductToTheCart" time="1.832"/>
  <system-out/>
</testsuite> <!-- tests.AdminCitiesTests -->
