<?xml version="1.0" encoding="UTF-8"?>
<!-- Generated by org.testng.reporters.JUnitReportReporter -->
<testsuite hostname="DESKTOP-79GDVCK" failures="0" tests="1" name="p19_09_2022.KatalonLoginTests" time="3.717" errors="0" timestamp="2022-09-19T20:48:44 CEST" skipped="0">
  <testcase classname="p19_09_2022.KatalonLoginTests" name="visitHomePageFromNavBar" time="3.717"/>
  <system-out/>
</testsuite> <!-- p19_09_2022.KatalonLoginTests -->
