<?xml version="1.0" encoding="UTF-8"?>
<!-- Generated by org.testng.reporters.JUnitReportReporter -->
<testsuite hostname="DESKTOP-79GDVCK" failures="0" tests="3" name="d19_09_2022_Tests.BootstrapTableTests" time="10.962" errors="0" timestamp="2022-09-23T19:24:28 CEST" skipped="0">
  <testcase classname="d19_09_2022_Tests.BootstrapTableTests" name="TakeAScreenshot" time="1.770"/>
  <system-out/>
  <testcase classname="d19_09_2022_Tests.BootstrapTableTests" name="editRowTest" time="6.615"/>
  <system-out/>
  <testcase classname="d19_09_2022_Tests.BootstrapTableTests" name="deleteRowTest" time="2.577"/>
  <system-out/>
</testsuite> <!-- d19_09_2022_Tests.BootstrapTableTests -->
